# JRE version: OpenJDK Runtime Environment Temurin-21.0.6+7 (21.0.6+7) (build 21.0.6+7-LTS)
# Java VM: OpenJDK 64-Bit Server VM Temurin-21.0.6+7 (21.0.6+7-LTS, mixed mode, sharing, tiered, compressed oops, compressed class ptrs, g1 gc, windows-amd64)
GC Precious Log:
 CardTable entry size: 512
 Card Set container configuration: InlinePtr #cards 5 size 8 Array Of Cards #cards 12 size 40 Howl #buckets 4 coarsen threshold 1843 Howl Bitmap #cards 512 size 80 coarsen threshold 460 Card regions per heap region 1 cards per card region 2048
 CPUs: 8 total, 8 available
 Memory: 3982M
 Large Page Support: Disabled
 NUMA Support: Disabled
 Compressed Oops: Enabled (32-bit)
 Heap Region Size: 1M
 Heap Min Capacity: 8M
 Heap Initial Capacity: 64M
 Heap Max Capacity: 996M
 Pre-touch: Disabled
 Parallel Workers: 8
 Concurrent Workers: 2
 Concurrent Refinement Workers: 8
 Periodic GC: Disabled
Heap:
 garbage-first heap   total 102400K, used 66272K [0x00000000c1c00000, 0x0000000100000000)
  region size 1024K, 37 young (37888K), 6 survivors (6144K)
 Metaspace       used 81671K, committed 82496K, reserved 1179648K
  class space    used 11050K, committed 11456K, reserved 1048576K
GC Heap History (20 events):
Event: 17.323 GC heap before
{Heap before GC invocations=29 (full 0):
 garbage-first heap   total 79872K, used 66628K [0x00000000c1c00000, 0x0000000100000000)
  region size 1024K, 46 young (47104K), 4 survivors (4096K)
 Metaspace       used 52348K, committed 52928K, reserved 1114112K
  class space    used 6862K, committed 7104K, reserved 1048576K
}
Event: 17.338 GC heap after
{Heap after GC invocations=30 (full 0):
 garbage-first heap   total 96256K, used 24074K [0x00000000c1c00000, 0x0000000100000000)
  region size 1024K, 3 young (3072K), 3 survivors (3072K)
 Metaspace       used 52348K, committed 52928K, reserved 1114112K
  class space    used 6862K, committed 7104K, reserved 1048576K
}
Event: 18.226 GC heap before
{Heap before GC invocations=30 (full 0):
 garbage-first heap   total 96256K, used 78346K [0x00000000c1c00000, 0x0000000100000000)
  region size 1024K, 56 young (57344K), 3 survivors (3072K)
 Metaspace       used 55143K, committed 55744K, reserved 1114112K
  class space    used 7199K, committed 7488K, reserved 1048576K
}
Event: 18.234 GC heap after
{Heap after GC invocations=31 (full 0):
 garbage-first heap   total 96256K, used 24983K [0x00000000c1c00000, 0x0000000100000000)
  region size 1024K, 4 young (4096K), 4 survivors (4096K)
 Metaspace       used 55143K, committed 55744K, reserved 1114112K
  class space    used 7199K, committed 7488K, reserved 1048576K
}
Event: 19.957 GC heap before
{Heap before GC invocations=31 (full 0):
 garbage-first heap   total 96256K, used 77207K [0x00000000c1c00000, 0x0000000100000000)
  region size 1024K, 56 young (57344K), 4 survivors (4096K)
 Metaspace       used 59784K, committed 60416K, reserved 1114112K
  class space    used 7857K, committed 8192K, reserved 1048576K
}
Event: 19.996 GC heap after
{Heap after GC invocations=32 (full 0):
 garbage-first heap   total 96256K, used 25397K [0x00000000c1c00000, 0x0000000100000000)
  region size 1024K, 5 young (5120K), 5 survivors (5120K)
 Metaspace       used 59784K, committed 60416K, reserved 1114112K
  class space    used 7857K, committed 8192K, reserved 1048576K
}
Event: 21.338 GC heap before
{Heap before GC invocations=33 (full 0):
 garbage-first heap   total 89088K, used 73525K [0x00000000c1c00000, 0x0000000100000000)
  region size 1024K, 52 young (53248K), 5 survivors (5120K)
 Metaspace       used 62083K, committed 62720K, reserved 1114112K
  class space    used 8338K, committed 8640K, reserved 1048576K
}
Event: 21.368 GC heap after
{Heap after GC invocations=34 (full 0):
 garbage-first heap   total 89088K, used 25972K [0x00000000c1c00000, 0x0000000100000000)
  region size 1024K, 5 young (5120K), 5 survivors (5120K)
 Metaspace       used 62083K, committed 62720K, reserved 1114112K
  class space    used 8338K, committed 8640K, reserved 1048576K
}
Event: 22.208 GC heap before
{Heap before GC invocations=34 (full 0):
 garbage-first heap   total 89088K, used 74100K [0x00000000c1c00000, 0x0000000100000000)
  region size 1024K, 52 young (53248K), 5 survivors (5120K)
 Metaspace       used 65715K, committed 66432K, reserved 1114112K
  class space    used 8870K, committed 9216K, reserved 1048576K
}
Event: 22.227 GC heap after
{Heap after GC invocations=35 (full 0):
 garbage-first heap   total 89088K, used 26493K [0x00000000c1c00000, 0x0000000100000000)
  region size 1024K, 5 young (5120K), 5 survivors (5120K)
 Metaspace       used 65715K, committed 66432K, reserved 1114112K
  class space    used 8870K, committed 9216K, reserved 1048576K
}
Event: 24.581 GC heap before
{Heap before GC invocations=35 (full 0):
 garbage-first heap   total 89088K, used 74621K [0x00000000c1c00000, 0x0000000100000000)
  region size 1024K, 52 young (53248K), 5 survivors (5120K)
 Metaspace       used 68745K, committed 69440K, reserved 1114112K
  class space    used 9224K, committed 9536K, reserved 1048576K
}
Event: 24.633 GC heap after
{Heap after GC invocations=36 (full 0):
 garbage-first heap   total 89088K, used 28442K [0x00000000c1c00000, 0x0000000100000000)
  region size 1024K, 5 young (5120K), 5 survivors (5120K)
 Metaspace       used 68745K, committed 69440K, reserved 1114112K
  class space    used 9224K, committed 9536K, reserved 1048576K
}
Event: 26.312 GC heap before
{Heap before GC invocations=36 (full 0):
 garbage-first heap   total 89088K, used 76570K [0x00000000c1c00000, 0x0000000100000000)
  region size 1024K, 52 young (53248K), 5 survivors (5120K)
 Metaspace       used 71845K, committed 72512K, reserved 1114112K
  class space    used 9639K, committed 9920K, reserved 1048576K
}
Event: 26.368 GC heap after
{Heap after GC invocations=37 (full 0):
 garbage-first heap   total 107520K, used 29990K [0x00000000c1c00000, 0x0000000100000000)
  region size 1024K, 5 young (5120K), 5 survivors (5120K)
 Metaspace       used 71845K, committed 72512K, reserved 1114112K
  class space    used 9639K, committed 9920K, reserved 1048576K
}
Event: 27.637 GC heap before
{Heap before GC invocations=38 (full 0):
 garbage-first heap   total 102400K, used 86310K [0x00000000c1c00000, 0x0000000100000000)
  region size 1024K, 60 young (61440K), 5 survivors (5120K)
 Metaspace       used 77167K, committed 77888K, reserved 1179648K
  class space    used 10375K, committed 10688K, reserved 1048576K
}
Event: 27.649 GC heap after
{Heap after GC invocations=39 (full 0):
 garbage-first heap   total 102400K, used 31385K [0x00000000c1c00000, 0x0000000100000000)
  region size 1024K, 6 young (6144K), 6 survivors (6144K)
 Metaspace       used 77167K, committed 77888K, reserved 1179648K
  class space    used 10375K, committed 10688K, reserved 1048576K
}
Event: 30.440 GC heap before
{Heap before GC invocations=39 (full 0):
 garbage-first heap   total 102400K, used 86681K [0x00000000c1c00000, 0x0000000100000000)
  region size 1024K, 60 young (61440K), 6 survivors (6144K)
 Metaspace       used 79145K, committed 79872K, reserved 1179648K
  class space    used 10668K, committed 11008K, reserved 1048576K
}
Event: 30.459 GC heap after
{Heap after GC invocations=40 (full 0):
 garbage-first heap   total 102400K, used 32773K [0x00000000c1c00000, 0x0000000100000000)
  region size 1024K, 5 young (5120K), 5 survivors (5120K)
 Metaspace       used 79145K, committed 79872K, reserved 1179648K
  class space    used 10668K, committed 11008K, reserved 1048576K
}
Event: 33.330 GC heap before
{Heap before GC invocations=40 (full 0):
 garbage-first heap   total 102400K, used 89093K [0x00000000c1c00000, 0x0000000100000000)
  region size 1024K, 60 young (61440K), 5 survivors (5120K)
 Metaspace       used 80937K, committed 81792K, reserved 1179648K
  class space    used 10929K, committed 11328K, reserved 1048576K
}
Event: 33.677 GC heap after
{Heap after GC invocations=41 (full 0):
 garbage-first heap   total 102400K, used 35552K [0x00000000c1c00000, 0x0000000100000000)
  region size 1024K, 6 young (6144K), 6 survivors (6144K)
 Metaspace       used 80937K, committed 81792K, reserved 1179648K
  class space    used 10929K, committed 11328K, reserved 1048576K
}

