# JRE version: Java(TM) SE Runtime Environment (21.0.5+9) (build 21.0.5+9-LTS-239)
# Java VM: Java HotSpot(TM) 64-Bit Server VM (21.0.5+9-LTS-239, mixed mode, sharing, tiered, compressed oops, compressed class ptrs, g1 gc, windows-amd64)
GC Precious Log:
 CardTable entry size: 512
 Card Set container configuration: InlinePtr #cards 5 size 8 Array Of Cards #cards 12 size 40 Howl #buckets 4 coarsen threshold 1843 Howl Bitmap #cards 512 size 80 coarsen threshold 460 Card regions per heap region 1 cards per card region 2048
 CPUs: 8 total, 8 available
 Memory: 3982M
 Large Page Support: Disabled
 NUMA Support: Disabled
 Compressed Oops: Enabled (32-bit)
 Heap Region Size: 1M
 Heap Min Capacity: 8M
 Heap Initial Capacity: 64M
 Heap Max Capacity: 996M
 Pre-touch: Disabled
 Parallel Workers: 8
 Concurrent Workers: 2
 Concurrent Refinement Workers: 8
 Periodic GC: Disabled
Heap:
 garbage-first heap   total 78848K, used 35724K [0x00000000c1c00000, 0x0000000100000000)
  region size 1024K, 14 young (14336K), 6 survivors (6144K)
 Metaspace       used 26410K, committed 26752K, reserved 1114112K
  class space    used 2971K, committed 3136K, reserved 1048576K
GC Heap History (14 events):
Event: 2.076 GC heap before
{Heap before GC invocations=0 (full 0):
 garbage-first heap   total 65536K, used 22528K [0x00000000c1c00000, 0x0000000100000000)
  region size 1024K, 23 young (23552K), 0 survivors (0K)
 Metaspace       used 5642K, committed 5824K, reserved 1114112K
  class space    used 654K, committed 768K, reserved 1048576K
}
Event: 2.087 GC heap after
{Heap after GC invocations=1 (full 0):
 garbage-first heap   total 65536K, used 3755K [0x00000000c1c00000, 0x0000000100000000)
  region size 1024K, 3 young (3072K), 3 survivors (3072K)
 Metaspace       used 5642K, committed 5824K, reserved 1114112K
  class space    used 654K, committed 768K, reserved 1048576K
}
Event: 3.172 GC heap before
{Heap before GC invocations=1 (full 0):
 garbage-first heap   total 65536K, used 33451K [0x00000000c1c00000, 0x0000000100000000)
  region size 1024K, 32 young (32768K), 3 survivors (3072K)
 Metaspace       used 9643K, committed 9856K, reserved 1114112K
  class space    used 1132K, committed 1216K, reserved 1048576K
}
Event: 3.194 GC heap after
{Heap after GC invocations=2 (full 0):
 garbage-first heap   total 65536K, used 5447K [0x00000000c1c00000, 0x0000000100000000)
  region size 1024K, 2 young (2048K), 2 survivors (2048K)
 Metaspace       used 9643K, committed 9856K, reserved 1114112K
  class space    used 1132K, committed 1216K, reserved 1048576K
}
Event: 5.075 GC heap before
{Heap before GC invocations=2 (full 0):
 garbage-first heap   total 65536K, used 42311K [0x00000000c1c00000, 0x0000000100000000)
  region size 1024K, 38 young (38912K), 2 survivors (2048K)
 Metaspace       used 15165K, committed 15488K, reserved 1114112K
  class space    used 1782K, committed 1920K, reserved 1048576K
}
Event: 5.098 GC heap after
{Heap after GC invocations=3 (full 0):
 garbage-first heap   total 65536K, used 9990K [0x00000000c1c00000, 0x0000000100000000)
  region size 1024K, 5 young (5120K), 5 survivors (5120K)
 Metaspace       used 15165K, committed 15488K, reserved 1114112K
  class space    used 1782K, committed 1920K, reserved 1048576K
}
Event: 6.176 GC heap before
{Heap before GC invocations=3 (full 0):
 garbage-first heap   total 65536K, used 43782K [0x00000000c1c00000, 0x0000000100000000)
  region size 1024K, 38 young (38912K), 5 survivors (5120K)
 Metaspace       used 15982K, committed 16256K, reserved 1114112K
  class space    used 1849K, committed 1984K, reserved 1048576K
}
Event: 6.208 GC heap after
{Heap after GC invocations=4 (full 0):
 garbage-first heap   total 65536K, used 14109K [0x00000000c1c00000, 0x0000000100000000)
  region size 1024K, 4 young (4096K), 4 survivors (4096K)
 Metaspace       used 15982K, committed 16256K, reserved 1114112K
  class space    used 1849K, committed 1984K, reserved 1048576K
}
Event: 6.904 GC heap before
{Heap before GC invocations=4 (full 0):
 garbage-first heap   total 65536K, used 48925K [0x00000000c1c00000, 0x0000000100000000)
  region size 1024K, 38 young (38912K), 4 survivors (4096K)
 Metaspace       used 16313K, committed 16576K, reserved 1114112K
  class space    used 1855K, committed 1984K, reserved 1048576K
}
Event: 6.920 GC heap after
{Heap after GC invocations=5 (full 0):
 garbage-first heap   total 65536K, used 15876K [0x00000000c1c00000, 0x0000000100000000)
  region size 1024K, 2 young (2048K), 2 survivors (2048K)
 Metaspace       used 16313K, committed 16576K, reserved 1114112K
  class space    used 1855K, committed 1984K, reserved 1048576K
}
Event: 8.301 GC heap before
{Heap before GC invocations=5 (full 0):
 garbage-first heap   total 65536K, used 52740K [0x00000000c1c00000, 0x0000000100000000)
  region size 1024K, 38 young (38912K), 2 survivors (2048K)
 Metaspace       used 17367K, committed 17600K, reserved 1114112K
  class space    used 1962K, committed 2048K, reserved 1048576K
}
Event: 8.315 GC heap after
{Heap after GC invocations=6 (full 0):
 garbage-first heap   total 78848K, used 17167K [0x00000000c1c00000, 0x0000000100000000)
  region size 1024K, 3 young (3072K), 3 survivors (3072K)
 Metaspace       used 17367K, committed 17600K, reserved 1114112K
  class space    used 1962K, committed 2048K, reserved 1048576K
}
Event: 11.060 GC heap before
{Heap before GC invocations=6 (full 0):
 garbage-first heap   total 78848K, used 60175K [0x00000000c1c00000, 0x0000000100000000)
  region size 1024K, 39 young (39936K), 3 survivors (3072K)
 Metaspace       used 21227K, committed 21504K, reserved 1114112K
  class space    used 2383K, committed 2560K, reserved 1048576K
}
Event: 11.090 GC heap after
{Heap after GC invocations=7 (full 0):
 garbage-first heap   total 78848K, used 28556K [0x00000000c1c00000, 0x0000000100000000)
  region size 1024K, 6 young (6144K), 6 survivors (6144K)
 Metaspace       used 21227K, committed 21504K, reserved 1114112K
  class space    used 2383K, committed 2560K, reserved 1048576K
}

